Tue Feb 18 12:50:10 2025 - Servidor iniciado
Tue Feb 18 12:50:19 2025 - Solicitud PUT aceptada
Tue Feb 18 12:50:19 2025 - Ejecutado script para IP
Tue Feb 18 12:50:54 2025 - Servidor iniciado
Tue Feb 18 13:23:45 2025 - Servidor iniciado
Fri Feb 21 11:57:21 2025 - Servidor iniciado
Fri Feb 21 11:57:42 2025 - Solicitud rechazada
Fri Feb 21 12:00:14 2025 - Servidor iniciado
Fri Feb 21 12:00:38 2025 - Servidor iniciado
Fri Feb 21 12:01:21 2025 - Servidor iniciado
Fri Feb 21 12:03:19 2025 - Solicitud rechazada
Fri Feb 21 12:03:24 2025 - Solicitud rechazada
Fri Feb 21 12:03:27 2025 - Solicitud rechazada
Fri Feb 21 12:04:07 2025 - Servidor iniciado
Fri Feb 21 12:04:39 2025 - Servidor iniciado
Fri Feb 21 12:04:45 2025 - Solicitud rechazada
Fri Feb 21 12:04:57 2025 - Solicitud rechazada
Fri Feb 21 12:05:03 2025 - Solicitud rechazada
Fri Feb 21 12:07:07 2025 - Servidor iniciado
Fri Feb 21 12:07:14 2025 - Solicitud rechazada
Fri Feb 21 12:09:57 2025 - Servidor iniciado
Fri Feb 21 12:10:01 2025 - Solicitud rechazada
Fri Feb 21 12:10:53 2025 - Servidor iniciado
Fri Feb 21 12:11:06 2025 - Servidor iniciado
Fri Feb 21 12:11:11 2025 - Solicitud rechazada
Fri Feb 21 12:15:15 2025 - Servidor iniciado
Fri Feb 21 12:15:18 2025 - Solicitud rechazada
Fri Feb 21 12:16:22 2025 - Servidor iniciado
Fri Feb 21 12:16:24 2025 - Solicitud rechazada
Fri Feb 21 12:18:03 2025 - Servidor iniciado
Fri Feb 21 12:18:06 2025 - Solicitud rechazada
Fri Feb 21 12:19:07 2025 - Servidor iniciado
Fri Feb 21 12:19:10 2025 - Solicitud rechazada
Fri Feb 21 12:20:27 2025 - Servidor iniciado
Fri Feb 21 12:20:29 2025 - Solicitud rechazada
Fri Feb 21 12:24:13 2025 - Servidor iniciado
Fri Feb 21 12:24:15 2025 - Solicitud rechazada
Fri Feb 21 12:29:11 2025 - Servidor iniciado
Fri Feb 21 12:29:14 2025 - Solicitud PUT aceptada
Fri Feb 21 12:29:14 2025 - Ejecutado script para IP
Fri Feb 21 12:33:39 2025 - Servidor iniciado
Fri Feb 21 12:33:41 2025 - Solicitud PUT aceptada
Fri Feb 21 12:33:41 2025 - Ejecutado script para IP
Fri Feb 21 12:38:48 2025 - Servidor iniciado
Fri Feb 21 12:38:50 2025 - Solicitud rechazada
Fri Feb 21 12:39:07 2025 - Servidor iniciado
Fri Feb 21 12:39:11 2025 - Servidor iniciado
Fri Feb 21 12:39:21 2025 - Servidor iniciado
Fri Feb 21 12:40:03 2025 - Servidor iniciado
Fri Feb 21 12:40:15 2025 - Solicitud rechazada
Fri Feb 21 12:41:53 2025 - Servidor iniciado
Fri Feb 21 12:41:55 2025 - Solicitud rechazada
Fri Feb 21 12:42:57 2025 - Servidor iniciado
Fri Feb 21 12:42:58 2025 - Solicitud rechazada
Fri Feb 21 12:44:59 2025 - Servidor iniciado
Fri Feb 21 12:45:01 2025 - Solicitud PUT aceptada
Fri Feb 21 12:45:01 2025 - Ejecutado script para IP
Fri Feb 21 12:45:23 2025 - Solicitud PUT aceptada
Fri Feb 21 12:45:23 2025 - Ejecutado script para IP
Fri Feb 21 12:45:27 2025 - Solicitud PUT aceptada
Fri Feb 21 12:45:27 2025 - Ejecutado script para IP
Fri Feb 21 12:46:17 2025 - Servidor iniciado
Fri Feb 21 12:46:29 2025 - Servidor iniciado
Fri Feb 21 12:46:31 2025 - Solicitud PUT aceptada
Fri Feb 21 12:46:31 2025 - Ejecutado script para IP
Fri Feb 21 12:47:47 2025 - Servidor iniciado
Fri Feb 21 12:47:55 2025 - Solicitud PUT aceptada
Fri Feb 21 12:47:55 2025 - Ejecutado script para IP
